{"/Users/NikhilVedi/Documents/FYP/This_Server/lockserver/model/mongo.js":{"path":"/Users/NikhilVedi/Documents/FYP/This_Server/lockserver/model/mongo.js","s":{"1":1,"2":1,"3":1,"4":1,"5":1,"6":1,"7":1,"8":1,"9":1,"10":1,"11":1,"12":0,"13":1,"14":1,"15":0,"16":1,"17":1,"18":0,"19":1,"20":0,"21":0,"22":0,"23":0,"24":1,"25":1,"26":1},"b":{"1":[1,0],"2":[1,0],"3":[0,1],"4":[0,1],"5":[0,0]},"f":{"1":1,"2":1,"3":1,"4":0,"5":0},"fnMap":{"1":{"name":"(anonymous_1)","line":57,"loc":{"start":{"line":57,"column":23},"end":{"line":57,"column":38}}},"2":{"name":"(anonymous_2)","line":60,"loc":{"start":{"line":60,"column":27},"end":{"line":60,"column":47}}},"3":{"name":"(anonymous_3)","line":64,"loc":{"start":{"line":64,"column":45},"end":{"line":64,"column":65}}},"4":{"name":"(anonymous_4)","line":77,"loc":{"start":{"line":77,"column":37},"end":{"line":77,"column":57}}},"5":{"name":"(anonymous_5)","line":78,"loc":{"start":{"line":78,"column":41},"end":{"line":78,"column":64}}}},"statementMap":{"1":{"start":{"line":1,"column":0},"end":{"line":1,"column":35}},"2":{"start":{"line":2,"column":0},"end":{"line":2,"column":51}},"3":{"start":{"line":3,"column":0},"end":{"line":3,"column":31}},"4":{"start":{"line":6,"column":0},"end":{"line":6,"column":34}},"5":{"start":{"line":8,"column":0},"end":{"line":29,"column":3}},"6":{"start":{"line":32,"column":0},"end":{"line":55,"column":3}},"7":{"start":{"line":57,"column":0},"end":{"line":75,"column":3}},"8":{"start":{"line":58,"column":4},"end":{"line":58,"column":20}},"9":{"start":{"line":59,"column":4},"end":{"line":74,"column":5}},"10":{"start":{"line":60,"column":8},"end":{"line":71,"column":11}},"11":{"start":{"line":61,"column":12},"end":{"line":63,"column":13}},"12":{"start":{"line":62,"column":16},"end":{"line":62,"column":33}},"13":{"start":{"line":64,"column":12},"end":{"line":70,"column":15}},"14":{"start":{"line":65,"column":16},"end":{"line":67,"column":17}},"15":{"start":{"line":66,"column":20},"end":{"line":66,"column":37}},"16":{"start":{"line":68,"column":16},"end":{"line":68,"column":37}},"17":{"start":{"line":69,"column":16},"end":{"line":69,"column":23}},"18":{"start":{"line":73,"column":8},"end":{"line":73,"column":22}},"19":{"start":{"line":77,"column":0},"end":{"line":84,"column":2}},"20":{"start":{"line":78,"column":4},"end":{"line":83,"column":7}},"21":{"start":{"line":79,"column":8},"end":{"line":81,"column":9}},"22":{"start":{"line":80,"column":12},"end":{"line":80,"column":27}},"23":{"start":{"line":82,"column":8},"end":{"line":82,"column":26}},"24":{"start":{"line":90,"column":0},"end":{"line":90,"column":49}},"25":{"start":{"line":91,"column":0},"end":{"line":91,"column":56}},"26":{"start":{"line":94,"column":0},"end":{"line":97,"column":2}}},"branchMap":{"1":{"line":59,"type":"if","locations":[{"start":{"line":59,"column":4},"end":{"line":59,"column":4}},{"start":{"line":59,"column":4},"end":{"line":59,"column":4}}]},"2":{"line":59,"type":"binary-expr","locations":[{"start":{"line":59,"column":8},"end":{"line":59,"column":35}},{"start":{"line":59,"column":39},"end":{"line":59,"column":49}}]},"3":{"line":61,"type":"if","locations":[{"start":{"line":61,"column":12},"end":{"line":61,"column":12}},{"start":{"line":61,"column":12},"end":{"line":61,"column":12}}]},"4":{"line":65,"type":"if","locations":[{"start":{"line":65,"column":16},"end":{"line":65,"column":16}},{"start":{"line":65,"column":16},"end":{"line":65,"column":16}}]},"5":{"line":79,"type":"if","locations":[{"start":{"line":79,"column":8},"end":{"line":79,"column":8}},{"start":{"line":79,"column":8},"end":{"line":79,"column":8}}]}}},"/Users/NikhilVedi/Documents/FYP/This_Server/lockserver/routes/index.js":{"path":"/Users/NikhilVedi/Documents/FYP/This_Server/lockserver/routes/index.js","s":{"1":1,"2":1,"3":1,"4":1,"5":1,"6":1,"7":1,"8":1,"9":1,"10":0,"11":1,"12":1,"13":1,"14":0,"15":0,"16":0,"17":0,"18":0,"19":0,"20":0,"21":0,"22":0,"23":0,"24":0,"25":0,"26":0,"27":0,"28":0,"29":1,"30":0,"31":0,"32":0,"33":0,"34":0,"35":0,"36":0,"37":0,"38":0,"39":0,"40":0,"41":0,"42":0,"43":0,"44":0,"45":1,"46":0,"47":0,"48":0,"49":0,"50":0,"51":0,"52":1,"53":0,"54":0,"55":0,"56":0,"57":0,"58":0,"59":1},"b":{"1":[0,0],"2":[0,0],"3":[0,0],"4":[0,0],"5":[0,0],"6":[0,0],"7":[0,0],"8":[0,0]},"f":{"1":0,"2":0,"3":0,"4":0,"5":0,"6":0,"7":0,"8":0,"9":0},"fnMap":{"1":{"name":"(anonymous_1)","line":17,"loc":{"start":{"line":17,"column":16},"end":{"line":17,"column":35}}},"2":{"name":"(anonymous_2)","line":41,"loc":{"start":{"line":41,"column":23},"end":{"line":41,"column":42}}},"3":{"name":"(anonymous_3)","line":73,"loc":{"start":{"line":73,"column":20},"end":{"line":73,"column":34}}},"4":{"name":"(anonymous_4)","line":89,"loc":{"start":{"line":89,"column":21},"end":{"line":89,"column":40}}},"5":{"name":"(anonymous_5)","line":120,"loc":{"start":{"line":120,"column":20},"end":{"line":120,"column":34}}},"6":{"name":"(anonymous_6)","line":136,"loc":{"start":{"line":136,"column":21},"end":{"line":136,"column":40}}},"7":{"name":"(anonymous_7)","line":140,"loc":{"start":{"line":140,"column":5},"end":{"line":140,"column":25}}},"8":{"name":"(anonymous_8)","line":157,"loc":{"start":{"line":157,"column":23},"end":{"line":157,"column":42}}},"9":{"name":"(anonymous_9)","line":161,"loc":{"start":{"line":161,"column":5},"end":{"line":161,"column":25}}}},"statementMap":{"1":{"start":{"line":1,"column":0},"end":{"line":1,"column":33}},"2":{"start":{"line":2,"column":0},"end":{"line":2,"column":41}},"3":{"start":{"line":3,"column":0},"end":{"line":3,"column":26}},"4":{"start":{"line":4,"column":0},"end":{"line":4,"column":40}},"5":{"start":{"line":5,"column":0},"end":{"line":5,"column":31}},"6":{"start":{"line":6,"column":0},"end":{"line":6,"column":40}},"7":{"start":{"line":8,"column":0},"end":{"line":8,"column":30}},"8":{"start":{"line":9,"column":0},"end":{"line":9,"column":20}},"9":{"start":{"line":17,"column":0},"end":{"line":21,"column":3}},"10":{"start":{"line":18,"column":4},"end":{"line":20,"column":7}},"11":{"start":{"line":29,"column":0},"end":{"line":31,"column":4}},"12":{"start":{"line":36,"column":0},"end":{"line":36,"column":30}},"13":{"start":{"line":41,"column":0},"end":{"line":87,"column":3}},"14":{"start":{"line":42,"column":4},"end":{"line":42,"column":37}},"15":{"start":{"line":43,"column":4},"end":{"line":43,"column":29}},"16":{"start":{"line":46,"column":4},"end":{"line":46,"column":96}},"17":{"start":{"line":50,"column":4},"end":{"line":86,"column":7}},"18":{"start":{"line":51,"column":8},"end":{"line":85,"column":9}},"19":{"start":{"line":53,"column":12},"end":{"line":60,"column":13}},"20":{"start":{"line":54,"column":16},"end":{"line":54,"column":89}},"21":{"start":{"line":56,"column":16},"end":{"line":59,"column":19}},"22":{"start":{"line":62,"column":12},"end":{"line":62,"column":69}},"23":{"start":{"line":64,"column":12},"end":{"line":70,"column":15}},"24":{"start":{"line":72,"column":12},"end":{"line":72,"column":28}},"25":{"start":{"line":73,"column":12},"end":{"line":84,"column":15}},"26":{"start":{"line":74,"column":16},"end":{"line":83,"column":17}},"27":{"start":{"line":75,"column":20},"end":{"line":77,"column":23}},"28":{"start":{"line":79,"column":20},"end":{"line":82,"column":23}},"29":{"start":{"line":89,"column":0},"end":{"line":134,"column":3}},"30":{"start":{"line":90,"column":4},"end":{"line":90,"column":37}},"31":{"start":{"line":91,"column":4},"end":{"line":91,"column":29}},"32":{"start":{"line":94,"column":4},"end":{"line":94,"column":94}},"33":{"start":{"line":98,"column":4},"end":{"line":133,"column":7}},"34":{"start":{"line":99,"column":8},"end":{"line":132,"column":9}},"35":{"start":{"line":101,"column":12},"end":{"line":108,"column":13}},"36":{"start":{"line":102,"column":16},"end":{"line":102,"column":87}},"37":{"start":{"line":104,"column":16},"end":{"line":107,"column":19}},"38":{"start":{"line":110,"column":12},"end":{"line":110,"column":67}},"39":{"start":{"line":112,"column":12},"end":{"line":117,"column":15}},"40":{"start":{"line":119,"column":12},"end":{"line":119,"column":28}},"41":{"start":{"line":120,"column":12},"end":{"line":131,"column":15}},"42":{"start":{"line":121,"column":16},"end":{"line":130,"column":17}},"43":{"start":{"line":122,"column":20},"end":{"line":124,"column":23}},"44":{"start":{"line":126,"column":20},"end":{"line":129,"column":23}},"45":{"start":{"line":136,"column":0},"end":{"line":155,"column":3}},"46":{"start":{"line":137,"column":2},"end":{"line":154,"column":2}},"47":{"start":{"line":141,"column":6},"end":{"line":153,"column":1}},"48":{"start":{"line":142,"column":10},"end":{"line":145,"column":12}},"49":{"start":{"line":146,"column":10},"end":{"line":146,"column":41}},"50":{"start":{"line":148,"column":8},"end":{"line":151,"column":10}},"51":{"start":{"line":152,"column":2},"end":{"line":152,"column":21}},"52":{"start":{"line":157,"column":0},"end":{"line":176,"column":3}},"53":{"start":{"line":158,"column":2},"end":{"line":175,"column":2}},"54":{"start":{"line":162,"column":6},"end":{"line":174,"column":1}},"55":{"start":{"line":163,"column":10},"end":{"line":166,"column":12}},"56":{"start":{"line":167,"column":10},"end":{"line":167,"column":41}},"57":{"start":{"line":169,"column":8},"end":{"line":172,"column":10}},"58":{"start":{"line":173,"column":2},"end":{"line":173,"column":21}},"59":{"start":{"line":179,"column":0},"end":{"line":179,"column":24}}},"branchMap":{"1":{"line":51,"type":"if","locations":[{"start":{"line":51,"column":8},"end":{"line":51,"column":8}},{"start":{"line":51,"column":8},"end":{"line":51,"column":8}}]},"2":{"line":53,"type":"if","locations":[{"start":{"line":53,"column":12},"end":{"line":53,"column":12}},{"start":{"line":53,"column":12},"end":{"line":53,"column":12}}]},"3":{"line":74,"type":"if","locations":[{"start":{"line":74,"column":16},"end":{"line":74,"column":16}},{"start":{"line":74,"column":16},"end":{"line":74,"column":16}}]},"4":{"line":99,"type":"if","locations":[{"start":{"line":99,"column":8},"end":{"line":99,"column":8}},{"start":{"line":99,"column":8},"end":{"line":99,"column":8}}]},"5":{"line":101,"type":"if","locations":[{"start":{"line":101,"column":12},"end":{"line":101,"column":12}},{"start":{"line":101,"column":12},"end":{"line":101,"column":12}}]},"6":{"line":121,"type":"if","locations":[{"start":{"line":121,"column":16},"end":{"line":121,"column":16}},{"start":{"line":121,"column":16},"end":{"line":121,"column":16}}]},"7":{"line":141,"type":"if","locations":[{"start":{"line":141,"column":6},"end":{"line":141,"column":6}},{"start":{"line":141,"column":6},"end":{"line":141,"column":6}}]},"8":{"line":162,"type":"if","locations":[{"start":{"line":162,"column":6},"end":{"line":162,"column":6}},{"start":{"line":162,"column":6},"end":{"line":162,"column":6}}]}}}}