TN:
SF:/Users/NikhilVedi/Documents/FYP/This_Server/lockserver/model/mongo.js
FN:64,(anonymous_1)
FN:67,(anonymous_2)
FN:71,(anonymous_3)
FN:84,(anonymous_4)
FN:85,(anonymous_5)
FNF:5
FNH:3
FNDA:1,(anonymous_1)
FNDA:1,(anonymous_2)
FNDA:1,(anonymous_3)
FNDA:0,(anonymous_4)
FNDA:0,(anonymous_5)
DA:8,1
DA:9,1
DA:10,1
DA:13,1
DA:15,1
DA:39,1
DA:64,1
DA:65,1
DA:66,1
DA:67,1
DA:68,1
DA:69,0
DA:71,1
DA:72,1
DA:73,0
DA:75,1
DA:76,1
DA:80,0
DA:84,1
DA:85,0
DA:86,0
DA:87,0
DA:89,0
DA:97,1
DA:98,1
DA:101,1
LF:26
LH:19
BRDA:66,1,0,1
BRDA:66,1,1,0
BRDA:66,2,0,1
BRDA:66,2,1,0
BRDA:68,3,0,0
BRDA:68,3,1,1
BRDA:72,4,0,0
BRDA:72,4,1,1
BRDA:86,5,0,0
BRDA:86,5,1,0
BRF:10
BRH:4
end_of_record
TN:
SF:/Users/NikhilVedi/Documents/FYP/This_Server/lockserver/routes/index.js
FN:18,(anonymous_1)
FN:41,(anonymous_2)
FN:73,(anonymous_3)
FN:89,(anonymous_4)
FN:120,(anonymous_5)
FN:136,(anonymous_6)
FN:140,(anonymous_7)
FN:157,(anonymous_8)
FN:161,(anonymous_9)
FNF:9
FNH:0
FNDA:0,(anonymous_1)
FNDA:0,(anonymous_2)
FNDA:0,(anonymous_3)
FNDA:0,(anonymous_4)
FNDA:0,(anonymous_5)
FNDA:0,(anonymous_6)
FNDA:0,(anonymous_7)
FNDA:0,(anonymous_8)
FNDA:0,(anonymous_9)
DA:8,1
DA:9,1
DA:10,1
DA:11,1
DA:12,1
DA:13,1
DA:15,1
DA:16,1
DA:18,1
DA:19,0
DA:30,1
DA:37,1
DA:41,1
DA:42,0
DA:43,0
DA:46,0
DA:50,0
DA:51,0
DA:53,0
DA:54,0
DA:56,0
DA:62,0
DA:64,0
DA:72,0
DA:73,0
DA:74,0
DA:75,0
DA:79,0
DA:89,1
DA:90,0
DA:91,0
DA:94,0
DA:98,0
DA:99,0
DA:101,0
DA:102,0
DA:104,0
DA:110,0
DA:112,0
DA:119,0
DA:120,0
DA:121,0
DA:122,0
DA:126,0
DA:136,1
DA:137,0
DA:141,0
DA:142,0
DA:146,0
DA:148,0
DA:152,0
DA:157,1
DA:158,0
DA:162,0
DA:163,0
DA:167,0
DA:169,0
DA:173,0
DA:179,1
LF:59
LH:16
BRDA:51,1,0,0
BRDA:51,1,1,0
BRDA:53,2,0,0
BRDA:53,2,1,0
BRDA:74,3,0,0
BRDA:74,3,1,0
BRDA:99,4,0,0
BRDA:99,4,1,0
BRDA:101,5,0,0
BRDA:101,5,1,0
BRDA:121,6,0,0
BRDA:121,6,1,0
BRDA:141,7,0,0
BRDA:141,7,1,0
BRDA:162,8,0,0
BRDA:162,8,1,0
BRF:16
BRH:0
end_of_record
